{
  "stats": {
    "suites": 22,
    "tests": 51,
    "passes": 49,
    "pending": 0,
    "failures": 2,
    "testsRegistered": 51,
    "passPercent": 96.07843137254902,
    "pendingPercent": 0,
    "other": 0,
    "hasOther": false,
    "skipped": 0,
    "hasSkipped": false,
    "start": "2023-07-06T05:44:01.251Z",
    "end": "2023-07-06T05:55:02.220Z",
    "duration": 660969
  },
  "results": [
    {
      "uuid": "afce2b45-7144-4c7a-a623-bbc5ed315482",
      "title": "",
      "fullFile": "cypress\\e2e\\automation-test-store\\alias-invoke.cy.js",
      "file": "cypress\\e2e\\automation-test-store\\alias-invoke.cy.js",
      "beforeHooks": [],
      "afterHooks": [],
      "tests": [],
      "suites": [
        {
          "uuid": "880b4502-0845-4194-85de-b2d48a061429",
          "title": "Alias and invoke",
          "fullFile": "",
          "file": "",
          "beforeHooks": [],
          "afterHooks": [],
          "tests": [
            {
              "title": "Validate a specific hair care product",
              "fullTitle": "Alias and invoke Validate a specific hair care product",
              "timedOut": null,
              "duration": 44666,
              "state": "passed",
              "speed": "slow",
              "pass": true,
              "fail": false,
              "pending": false,
              "context": null,
              "code": "cy.visit(\"https://automationteststore.com/\");\ncy.get(\"a[href*='product/category&path=']\").contains(\"Hair Care\").click();\ncy.get(\".fixed_wrapper .prdocutname\").eq(0).invoke(\"text\").as(\"productThumbnail\");\ncy.get(\"@productThumbnail\").its(\"length\").should(\"be.gt\", 5);\ncy.get(\"@productThumbnail\").should(\"include\", \"Seaweed Conditioner\");",
              "err": {},
              "uuid": "349537bd-5e7d-4bb4-b79b-dfd21974112e",
              "parentUUID": "880b4502-0845-4194-85de-b2d48a061429",
              "isHook": false,
              "skipped": false
            },
            {
              "title": "Validate product thumbnail",
              "fullTitle": "Alias and invoke Validate product thumbnail",
              "timedOut": null,
              "duration": 10322,
              "state": "passed",
              "speed": "slow",
              "pass": true,
              "fail": false,
              "pending": false,
              "context": null,
              "code": "cy.visit(\"https://automationteststore.com/\");\ncy.get('.thumbnail').as('productThumbnail');\ncy.get('@productThumbnail').should('have.length', 16);\ncy.get('@productThumbnail').find('.productcart').invoke('attr', 'title').should('include', 'Add to Cart');",
              "err": {},
              "uuid": "b6b00277-96a5-40b3-99c9-96924707d7d2",
              "parentUUID": "880b4502-0845-4194-85de-b2d48a061429",
              "isHook": false,
              "skipped": false
            },
            {
              "title": "Calculate total of normal and sale products",
              "fullTitle": "Alias and invoke Calculate total of normal and sale products",
              "timedOut": null,
              "duration": 14329,
              "state": "passed",
              "speed": "slow",
              "pass": true,
              "fail": false,
              "pending": false,
              "context": null,
              "code": "cy.visit(\"https://automationteststore.com/\");\ncy.get('.thumbnail').as('productThumbnail'); // cy.get('@productThumbnail').find('.oneprice').each(($el, index, $list) => {\n//     cy.log($el.text());\n// });\ncy.get('.thumbnail').find('.oneprice').invoke('text').as('itemPrice');\ncy.get('.thumbnail').find('.pricenew').invoke('text').as('saleItemPrice');\nvar itemsTotal = 0;\ncy.get('@itemPrice').then($linkText => {\n  var itemsPriceTotal = 0;\n  var itemPrice = $linkText.split('$');\n  var i;\n  for (i = 0; i < itemPrice.length; i++) {\n    cy.log(itemPrice[i]);\n    itemsPriceTotal += Number(itemPrice[i]);\n  }\n  itemsTotal += itemsPriceTotal;\n  cy.log(\"Non sale price items total: \" + itemsPriceTotal);\n});\ncy.get('@saleItemPrice').then($linkText => {\n  var saleItemsPrice = 0;\n  var saleItemPrice = $linkText.split('$');\n  var i;\n  for (i = 0; i < saleItemPrice.length; i++) {\n    cy.log(saleItemPrice[i]);\n    saleItemsPrice += Number(saleItemPrice[i]);\n  }\n  itemsTotal += saleItemsPrice;\n  cy.log(\"Sale price items total: \" + saleItemsPrice);\n}).then(() => {\n  cy.log(\"The total price of all products: \" + itemsTotal);\n  expect(itemsTotal).to.equal(660.5);\n});",
              "err": {},
              "uuid": "5ccfb669-67da-41ec-9a29-889af548fec5",
              "parentUUID": "880b4502-0845-4194-85de-b2d48a061429",
              "isHook": false,
              "skipped": false
            }
          ],
          "suites": [],
          "passes": [
            "349537bd-5e7d-4bb4-b79b-dfd21974112e",
            "b6b00277-96a5-40b3-99c9-96924707d7d2",
            "5ccfb669-67da-41ec-9a29-889af548fec5"
          ],
          "failures": [],
          "pending": [],
          "skipped": [],
          "duration": 69317,
          "root": false,
          "rootEmpty": false,
          "_timeout": 2000
        }
      ],
      "passes": [],
      "failures": [],
      "pending": [],
      "skipped": [],
      "duration": 0,
      "root": true,
      "rootEmpty": true,
      "_timeout": 2000
    },
    {
      "uuid": "9ef55a8e-42c8-45f0-ab79-1e3193538691",
      "title": "",
      "fullFile": "cypress\\e2e\\automation-test-store\\contact-us.cy.js",
      "file": "cypress\\e2e\\automation-test-store\\contact-us.cy.js",
      "beforeHooks": [],
      "afterHooks": [],
      "tests": [],
      "suites": [
        {
          "uuid": "88ae70f1-4d9b-40af-abfd-8b765ff5489c",
          "title": "Test Contact Us form via Automation Test Store",
          "fullFile": "",
          "file": "",
          "beforeHooks": [],
          "afterHooks": [],
          "tests": [
            {
              "title": "Should be able to submit a successful submission via contact us form",
              "fullTitle": "Test Contact Us form via Automation Test Store Should be able to submit a successful submission via contact us form",
              "timedOut": null,
              "duration": 58988,
              "state": "passed",
              "speed": "slow",
              "pass": true,
              "fail": false,
              "pending": false,
              "context": null,
              "code": "cy.visit(\"https://www.automationteststore.com/\");\ncy.get(\"a[href$='contact']\").click().then(function (linkText) {\n  cy.log(\"Clicked on link using text: \" + linkText.text());\n}); //cy.xpath(\"//a[contains(@href, 'contact')]\").click();\ncy.get(\"@user\").then(user => {\n  cy.get('#ContactUsFrm_first_name').type(user.first_name);\n  cy.get('#ContactUsFrm_email').type(user.email);\n});\ncy.get('#ContactUsFrm_email').should('have.attr', 'name', 'email');\ncy.get('#ContactUsFrm_enquiry').type(\"Do you provide additional discount on bulk orders?\");\ncy.get(\"button[title='Submit']\").click();\ncy.get('.mb40 > :nth-child(3)').should('have.text', 'Your enquiry has been successfully sent to the store owner!');\ncy.log(\"Test has completed!\");",
              "err": {},
              "uuid": "5d957cf6-ccb3-4cb7-87a1-171a3142f9ea",
              "parentUUID": "88ae70f1-4d9b-40af-abfd-8b765ff5489c",
              "isHook": false,
              "skipped": false
            }
          ],
          "suites": [],
          "passes": [
            "5d957cf6-ccb3-4cb7-87a1-171a3142f9ea"
          ],
          "failures": [],
          "pending": [],
          "skipped": [],
          "duration": 58988,
          "root": false,
          "rootEmpty": false,
          "_timeout": 2000
        }
      ],
      "passes": [],
      "failures": [],
      "pending": [],
      "skipped": [],
      "duration": 0,
      "root": true,
      "rootEmpty": true,
      "_timeout": 2000
    },
    {
      "uuid": "6fe36e85-bad8-4497-beee-ef7148623d54",
      "title": "",
      "fullFile": "cypress\\e2e\\automation-test-store\\exampl-variable.cy.js",
      "file": "cypress\\e2e\\automation-test-store\\exampl-variable.cy.js",
      "beforeHooks": [],
      "afterHooks": [],
      "tests": [],
      "suites": [
        {
          "uuid": "00ba486a-6ff6-4945-bd22-d41d8c785d6b",
          "title": "Cypress variables example",
          "fullFile": "",
          "file": "",
          "beforeHooks": [],
          "afterHooks": [],
          "tests": [
            {
              "title": "Should acsess apparel&accesory select item and chack out ",
              "fullTitle": "Cypress variables example Should acsess apparel&accesory select item and chack out ",
              "timedOut": null,
              "duration": 64788,
              "state": "passed",
              "speed": "slow",
              "pass": true,
              "fail": false,
              "pending": false,
              "context": null,
              "code": "let name = 'ramzes';\ncy.visit(\"https://automationteststore.com/index.php?rt=product/category&path=68\");\ncy.get('ul.thumbnails > :nth-child(1) > :nth-child(1) > img').click();\ncy.get(':nth-child(1) > .fixed_wrapper > .fixed > .prdocutname').click();\ncy.get('[for=\"option344749\"]').click();\ncy.get('#product > fieldset > :nth-child(2)').click();\ncy.get('.cart').click();\ncy.get('#cart_checkout1').click();\ncy.get('#loginFrm_loginname').type(name);\ncy.get('#loginFrm_password').type(123456);\ncy.get('#loginFrm > fieldset > .btn').click();\ncy.get('#checkout_btn').click();\ncy.get('.maintext').should('be.be.visible'); //cy.get('.mb40 > :nth-child(3)')",
              "err": {},
              "uuid": "c031c1cd-4758-48b8-a6d0-5781bd2434e2",
              "parentUUID": "00ba486a-6ff6-4945-bd22-d41d8c785d6b",
              "isHook": false,
              "skipped": false
            }
          ],
          "suites": [],
          "passes": [
            "c031c1cd-4758-48b8-a6d0-5781bd2434e2"
          ],
          "failures": [],
          "pending": [],
          "skipped": [],
          "duration": 64788,
          "root": false,
          "rootEmpty": false,
          "_timeout": 2000
        }
      ],
      "passes": [],
      "failures": [],
      "pending": [],
      "skipped": [],
      "duration": 0,
      "root": true,
      "rootEmpty": true,
      "_timeout": 2000
    },
    {
      "uuid": "b1c3fc2a-9263-414c-9344-97bac9e4ffe0",
      "title": "",
      "fullFile": "cypress\\e2e\\automation-test-store\\inspect-item.cy.js",
      "file": "cypress\\e2e\\automation-test-store\\inspect-item.cy.js",
      "beforeHooks": [],
      "afterHooks": [],
      "tests": [],
      "suites": [
        {
          "uuid": "07ccec49-4d61-4e12-a212-87be829dd913",
          "title": "Inpsect Automation Test STore items using chain of command",
          "fullFile": "",
          "file": "",
          "beforeHooks": [],
          "afterHooks": [],
          "tests": [
            {
              "title": "Click on the first item using item text",
              "fullTitle": "Inpsect Automation Test STore items using chain of command Click on the first item using item text",
              "timedOut": null,
              "duration": 28966,
              "state": "passed",
              "speed": "slow",
              "pass": true,
              "fail": false,
              "pending": false,
              "context": null,
              "code": "cy.visit(\"https://automationteststore.com/\");\ncy.get('.prdocutname').contains('Skinsheen Bronzer Stick').click().then(function (itemHeaderText) {\n  console.log(\"Selected the following item: \" + itemHeaderText);\n});\nconsole.log(\"Test123\");",
              "err": {},
              "uuid": "c5b03657-91dd-4af0-b97a-a50c2359529d",
              "parentUUID": "07ccec49-4d61-4e12-a212-87be829dd913",
              "isHook": false,
              "skipped": false
            }
          ],
          "suites": [],
          "passes": [
            "c5b03657-91dd-4af0-b97a-a50c2359529d"
          ],
          "failures": [],
          "pending": [],
          "skipped": [],
          "duration": 28966,
          "root": false,
          "rootEmpty": false,
          "_timeout": 2000
        }
      ],
      "passes": [],
      "failures": [],
      "pending": [],
      "skipped": [],
      "duration": 0,
      "root": true,
      "rootEmpty": true,
      "_timeout": 2000
    },
    {
      "uuid": "e9d87aec-65d6-4691-9072-98a3fc053a9f",
      "title": "",
      "fullFile": "cypress\\e2e\\automation-test-store\\iterate-over-elemnts.cy.js",
      "file": "cypress\\e2e\\automation-test-store\\iterate-over-elemnts.cy.js",
      "beforeHooks": [],
      "afterHooks": [],
      "tests": [],
      "suites": [
        {
          "uuid": "542b1a31-6416-4ae4-a3af-59ba96cca298",
          "title": "Iterate over elements",
          "fullFile": "",
          "file": "",
          "beforeHooks": [],
          "afterHooks": [],
          "tests": [
            {
              "title": "Log information of all hair care products",
              "fullTitle": "Iterate over elements Log information of all hair care products",
              "timedOut": null,
              "duration": 14506,
              "state": "passed",
              "speed": "slow",
              "pass": true,
              "fail": false,
              "pending": false,
              "context": null,
              "code": "cy.get(\".fixed_wrapper .prdocutname\").each(($el, index, $list) => {\n  cy.log(\"Index: \" + index + \" : \" + $el.text());\n});",
              "err": {},
              "uuid": "22037d37-d62e-465e-931d-063bcb0263e2",
              "parentUUID": "542b1a31-6416-4ae4-a3af-59ba96cca298",
              "isHook": false,
              "skipped": false
            },
            {
              "title": "Add specific product to basket",
              "fullTitle": "Iterate over elements Add specific product to basket",
              "timedOut": null,
              "duration": 3435,
              "state": "passed",
              "speed": "fast",
              "pass": true,
              "fail": false,
              "pending": false,
              "context": null,
              "code": "cy.selectProduct('Curls to straight Shampoo');",
              "err": {},
              "uuid": "ce5e5e65-6eeb-44e8-9dea-9216d87d8c08",
              "parentUUID": "542b1a31-6416-4ae4-a3af-59ba96cca298",
              "isHook": false,
              "skipped": false
            },
            {
              "title": "Add another specific product to basket",
              "fullTitle": "Iterate over elements Add another specific product to basket",
              "timedOut": null,
              "duration": 5021,
              "state": "passed",
              "speed": "medium",
              "pass": true,
              "fail": false,
              "pending": false,
              "context": null,
              "code": "//cy.get(':nth-child(1) > .fixed_wrapper > .fixed').click()\ncy.selectProduct('Seaweed Conditioner');",
              "err": {},
              "uuid": "b73728b5-675e-4d6d-9bb3-6d4b23905b47",
              "parentUUID": "542b1a31-6416-4ae4-a3af-59ba96cca298",
              "isHook": false,
              "skipped": false
            },
            {
              "title": "Add another specific product to basket 2",
              "fullTitle": "Iterate over elements Add another specific product to basket 2",
              "timedOut": null,
              "duration": 7572,
              "state": "passed",
              "speed": "medium",
              "pass": true,
              "fail": false,
              "pending": false,
              "context": null,
              "code": "cy.selectProduct('Eau Parfumee au The Vert Shampoo');",
              "err": {},
              "uuid": "3aa69a1b-d1e8-4a85-84fe-395201b098b3",
              "parentUUID": "542b1a31-6416-4ae4-a3af-59ba96cca298",
              "isHook": false,
              "skipped": false
            }
          ],
          "suites": [],
          "passes": [
            "22037d37-d62e-465e-931d-063bcb0263e2",
            "ce5e5e65-6eeb-44e8-9dea-9216d87d8c08",
            "b73728b5-675e-4d6d-9bb3-6d4b23905b47",
            "3aa69a1b-d1e8-4a85-84fe-395201b098b3"
          ],
          "failures": [],
          "pending": [],
          "skipped": [],
          "duration": 30534,
          "root": false,
          "rootEmpty": false,
          "_timeout": 2000
        }
      ],
      "passes": [],
      "failures": [],
      "pending": [],
      "skipped": [],
      "duration": 0,
      "root": true,
      "rootEmpty": true,
      "_timeout": 2000
    },
    {
      "uuid": "833417a5-a281-40a3-a6ea-3181bb8889cb",
      "title": "",
      "fullFile": "cypress\\e2e\\automation-test-store\\variable-and-cy-commands.cy.js",
      "file": "cypress\\e2e\\automation-test-store\\variable-and-cy-commands.cy.js",
      "beforeHooks": [],
      "afterHooks": [],
      "tests": [],
      "suites": [
        {
          "uuid": "339d45d9-7968-4010-a827-c2fbef00f46c",
          "title": "Verifying variables, cypress commands and jquery commands",
          "fullFile": "",
          "file": "",
          "beforeHooks": [],
          "afterHooks": [],
          "tests": [
            {
              "title": "Validate properties of the Contact Us Page",
              "fullTitle": "Verifying variables, cypress commands and jquery commands Validate properties of the Contact Us Page",
              "timedOut": null,
              "duration": 5822,
              "state": "passed",
              "speed": "medium",
              "pass": true,
              "fail": false,
              "pending": false,
              "context": null,
              "code": "cy.visit('https://automationteststore.com/index.php?rt=content/contact'); //use cypress comands and chaining\ncy.contains('#ContactUsFrm', 'Contact Us Form').find('#field_11').should('contain', 'First name'); // JQuery Approach\ncy.contains('#ContactUsFrm', 'Contact Us Form').then(text => {\n  const firstNameText = text.find('#field_11').text();\n  expect(firstNameText).to.contain('First name'); //Embedded commands (Closure)\n  cy.get('#field_11').then(fnText => {\n    cy.log(fnText.text());\n    cy.log(fnText);\n  });\n});",
              "err": {},
              "uuid": "9872d1c0-42d3-42d3-b9b4-e97df67720a8",
              "parentUUID": "339d45d9-7968-4010-a827-c2fbef00f46c",
              "isHook": false,
              "skipped": false
            }
          ],
          "suites": [],
          "passes": [
            "9872d1c0-42d3-42d3-b9b4-e97df67720a8"
          ],
          "failures": [],
          "pending": [],
          "skipped": [],
          "duration": 5822,
          "root": false,
          "rootEmpty": false,
          "_timeout": 2000
        }
      ],
      "passes": [],
      "failures": [],
      "pending": [],
      "skipped": [],
      "duration": 0,
      "root": true,
      "rootEmpty": true,
      "_timeout": 2000
    },
    {
      "uuid": "1edd9cee-5cc6-472a-860c-ed6cca6f7678",
      "title": "",
      "fullFile": "cypress\\e2e\\giorgi-test\\hotel-regist.cy.js",
      "file": "cypress\\e2e\\giorgi-test\\hotel-regist.cy.js",
      "beforeHooks": [],
      "afterHooks": [],
      "tests": [],
      "suites": [
        {
          "uuid": "569a15c9-d3b0-4242-b5d3-bf9ac8535346",
          "title": "Limehome Website - Locations Page",
          "fullFile": "",
          "file": "",
          "beforeHooks": [],
          "afterHooks": [],
          "tests": [
            {
              "title": "should display a list of locations",
              "fullTitle": "Limehome Website - Locations Page should display a list of locations",
              "timedOut": null,
              "duration": 3548,
              "state": "failed",
              "speed": null,
              "pass": false,
              "fail": true,
              "pending": false,
              "context": null,
              "code": "// Wait for the element to be visible and contain the text 'Our Locations'\ncy.get('.our-locations__item-img').should('be.visible').and('contain', 'span.our-locations__item-img>, 5 more... ');",
              "err": {
                "message": "CypressError: `cy.visit()` failed trying to load:\n\nhttps://www.limehome.com/our-locations\n\nThe response we received from your web server was:\n\n  > 503: Service Unavailable\n\nThis was considered a failure because the status code was not `2xx`.\n\nIf you do not want status codes to cause failures pass the option: `failOnStatusCode: false`\n\nBecause this error occurred during a `before each` hook we are skipping the remaining tests in the current suite: `Limehome Website - Location...`",
                "estack": "CypressError: `cy.visit()` failed trying to load:\n\nhttps://www.limehome.com/our-locations\n\nThe response we received from your web server was:\n\n  > 503: Service Unavailable\n\nThis was considered a failure because the status code was not `2xx`.\n\nIf you do not want status codes to cause failures pass the option: `failOnStatusCode: false`\n\nBecause this error occurred during a `before each` hook we are skipping the remaining tests in the current suite: `Limehome Website - Location...`\n    at <unknown> (http://www.webdriveruniversity.com/__cypress/runner/cypress_runner.js:142110:84)\n    at visitFailedByErr (http://www.webdriveruniversity.com/__cypress/runner/cypress_runner.js:141429:12)\n    at <unknown> (http://www.webdriveruniversity.com/__cypress/runner/cypress_runner.js:142090:13)\n    at tryCatcher (http://www.webdriveruniversity.com/__cypress/runner/cypress_runner.js:11318:23)\n    at Promise._settlePromiseFromHandler (http://www.webdriveruniversity.com/__cypress/runner/cypress_runner.js:9253:31)\n    at Promise._settlePromise (http://www.webdriveruniversity.com/__cypress/runner/cypress_runner.js:9310:18)\n    at Promise._settlePromise0 (http://www.webdriveruniversity.com/__cypress/runner/cypress_runner.js:9355:10)\n    at Promise._settlePromises (http://www.webdriveruniversity.com/__cypress/runner/cypress_runner.js:9431:18)\n    at _drainQueueStep (http://www.webdriveruniversity.com/__cypress/runner/cypress_runner.js:6025:12)\n    at _drainQueue (http://www.webdriveruniversity.com/__cypress/runner/cypress_runner.js:6018:9)\n    at ../../node_modules/bluebird/js/release/async.js.Async._drainQueues (http://www.webdriveruniversity.com/__cypress/runner/cypress_runner.js:6034:5)\n    at Async.drainQueues (http://www.webdriveruniversity.com/__cypress/runner/cypress_runner.js:5904:14)\nFrom Your Spec Code:\n    at Context.eval (webpack:///./cypress/e2e/giorgi-test/hotel-regist.cy.js:5:9)",
                "diff": null
              },
              "uuid": "39d33992-1a07-4c01-b917-2620612f58d2",
              "parentUUID": "569a15c9-d3b0-4242-b5d3-bf9ac8535346",
              "isHook": false,
              "skipped": false
            }
          ],
          "suites": [],
          "passes": [],
          "failures": [
            "39d33992-1a07-4c01-b917-2620612f58d2"
          ],
          "pending": [],
          "skipped": [],
          "duration": 3548,
          "root": false,
          "rootEmpty": false,
          "_timeout": 2000
        }
      ],
      "passes": [],
      "failures": [],
      "pending": [],
      "skipped": [],
      "duration": 0,
      "root": true,
      "rootEmpty": true,
      "_timeout": 2000
    },
    {
      "uuid": "35370e1a-1ff0-461f-83a5-66ba7c9520e3",
      "title": "",
      "fullFile": "cypress\\e2e\\webdriver-uni\\autocomlete-dropdown-list.cy.js",
      "file": "cypress\\e2e\\webdriver-uni\\autocomlete-dropdown-list.cy.js",
      "beforeHooks": [],
      "afterHooks": [],
      "tests": [],
      "suites": [
        {
          "uuid": "4658ff46-3267-4bf7-afef-cd36df6eaceb",
          "title": "Verify Autocomlete dropwdown lists via webdriveruni",
          "fullFile": "",
          "file": "",
          "beforeHooks": [],
          "afterHooks": [],
          "tests": [
            {
              "title": "Select specific product via autocomlete  lists",
              "fullTitle": "Verify Autocomlete dropwdown lists via webdriveruni Select specific product via autocomlete  lists",
              "timedOut": null,
              "duration": 16117,
              "state": "passed",
              "speed": "slow",
              "pass": true,
              "fail": false,
              "pending": false,
              "context": null,
              "code": "cy.visit(\"http://www.webdriveruniversity.com\");\ncy.get('#autocomplete-textfield').invoke('removeAttr', 'target').click({\n  force: true\n});\ncy.get('#myInput').type('A');\ncy.get('#myInputautocomplete-list>*').each(($el, index, $list) => {\n  const prod = $el.text();\n  const productToSelect = 'Avacado';\n  if (prod === productToSelect) {\n    //$el.click();\n    $el.trigger(\"click\");\n    cy.get('#submit-button').click();\n    cy.url().should('include', productToSelect);\n  }\n}).then(() => {\n  cy.get('#myInput').type('G');\n  cy.get('#myInputautocomplete-list>*').each(($el, index, $list) => {\n    const prod = $el.text();\n    const productToSelect = 'Grapes';\n    if (prod === productToSelect) {\n      //$el.click();\n      $el.trigger(\"click\");\n      cy.get('#submit-button').click();\n      cy.url().should('include', productToSelect);\n    }\n  });\n});",
              "err": {},
              "uuid": "9a0486d6-ab67-4359-acc8-59123e0a2101",
              "parentUUID": "4658ff46-3267-4bf7-afef-cd36df6eaceb",
              "isHook": false,
              "skipped": false
            }
          ],
          "suites": [],
          "passes": [
            "9a0486d6-ab67-4359-acc8-59123e0a2101"
          ],
          "failures": [],
          "pending": [],
          "skipped": [],
          "duration": 16117,
          "root": false,
          "rootEmpty": false,
          "_timeout": 2000
        }
      ],
      "passes": [],
      "failures": [],
      "pending": [],
      "skipped": [],
      "duration": 0,
      "root": true,
      "rootEmpty": true,
      "_timeout": 2000
    },
    {
      "uuid": "5ed9b2dc-9405-472c-a5b0-eefce9e67f02",
      "title": "",
      "fullFile": "cypress\\e2e\\webdriver-uni\\browser-navigation.cy.js",
      "file": "cypress\\e2e\\webdriver-uni\\browser-navigation.cy.js",
      "beforeHooks": [],
      "afterHooks": [],
      "tests": [],
      "suites": [
        {
          "uuid": "1e5d2eaa-3ba2-470c-ad57-8ed29a9e9666",
          "title": "Validate webdriveruni homepage links",
          "fullFile": "",
          "file": "",
          "beforeHooks": [],
          "afterHooks": [],
          "tests": [
            {
              "title": "Confirm links redirect to the correct pages",
              "fullTitle": "Validate webdriveruni homepage links Confirm links redirect to the correct pages",
              "timedOut": null,
              "duration": 18383,
              "state": "passed",
              "speed": "slow",
              "pass": true,
              "fail": false,
              "pending": false,
              "context": null,
              "code": "//cy.visit(\"http://www.webdriveruniversity.com/Contact-Us/contactus.html\");\ncy.visit(\"http://www.webdriveruniversity.com\");\ncy.get('#contact-us').invoke('removeAttr', 'target').click({\n  force: true\n});\ncy.url().should('include', 'contactus');\ncy.go('back');\ncy.reload();\ncy.url().should('include', 'http://www.webdriveruniversity.com/'); //cy.reload(true) //reload without using cache\ncy.go('forward');\ncy.url().should('include', 'contactus');\ncy.go('back');\ncy.get('#login-portal').invoke('removeAttr', 'target').click({\n  force: true\n});\ncy.url().should('include', 'Login-Portal');\ncy.go('back');\ncy.get('#to-do-list').invoke('removeAttr', 'target').click({\n  force: true\n});\ncy.url().should('include', 'To-Do-List');\ncy.go('back');",
              "err": {},
              "uuid": "687ebce0-6fa3-4628-8f66-2d47c4003064",
              "parentUUID": "1e5d2eaa-3ba2-470c-ad57-8ed29a9e9666",
              "isHook": false,
              "skipped": false
            }
          ],
          "suites": [],
          "passes": [
            "687ebce0-6fa3-4628-8f66-2d47c4003064"
          ],
          "failures": [],
          "pending": [],
          "skipped": [],
          "duration": 18383,
          "root": false,
          "rootEmpty": false,
          "_timeout": 2000
        }
      ],
      "passes": [],
      "failures": [],
      "pending": [],
      "skipped": [],
      "duration": 0,
      "root": true,
      "rootEmpty": true,
      "_timeout": 2000
    },
    {
      "uuid": "2ed90793-2696-4caf-bcde-d23385121e09",
      "title": "",
      "fullFile": "cypress\\e2e\\webdriver-uni\\checkboxes.cy.js",
      "file": "cypress\\e2e\\webdriver-uni\\checkboxes.cy.js",
      "beforeHooks": [],
      "afterHooks": [],
      "tests": [],
      "suites": [
        {
          "uuid": "a6fe2870-a9e5-480c-9431-368a7c7bfd36",
          "title": "Verify checkboxes via webdriverunit",
          "fullFile": "",
          "file": "",
          "beforeHooks": [],
          "afterHooks": [],
          "tests": [
            {
              "title": "Check and validate checkbox",
              "fullTitle": "Verify checkboxes via webdriverunit Check and validate checkbox",
              "timedOut": null,
              "duration": 2124,
              "state": "passed",
              "speed": "fast",
              "pass": true,
              "fail": false,
              "pending": false,
              "context": null,
              "code": "//cy.get('#checkboxes > :nth-child(1) > input').check()\n//cy.get('#checkboxes > :nth-child(1) > input').check().should('be.checked')\ncy.get('#checkboxes > :nth-child(1) > input').as('option-1'); //cy.get('@option-1').check();\ncy.get('@option-1').check().should('be.checked');",
              "err": {},
              "uuid": "5dd5aa1d-af0f-43d2-870b-fda79ce0a185",
              "parentUUID": "a6fe2870-a9e5-480c-9431-368a7c7bfd36",
              "isHook": false,
              "skipped": false
            },
            {
              "title": "UnCheck and validate checkbox",
              "fullTitle": "Verify checkboxes via webdriverunit UnCheck and validate checkbox",
              "timedOut": null,
              "duration": 596,
              "state": "passed",
              "speed": "fast",
              "pass": true,
              "fail": false,
              "pending": false,
              "context": null,
              "code": "//cy.get(':nth-child(5) > input').uncheck()\ncy.get(':nth-child(5) > input').as('option-3');\ncy.get('@option-3').uncheck().should('not.be.checked');",
              "err": {},
              "uuid": "3e9b910d-e311-47ad-9664-0fe80d2581e3",
              "parentUUID": "a6fe2870-a9e5-480c-9431-368a7c7bfd36",
              "isHook": false,
              "skipped": false
            },
            {
              "title": "Check multiple  checkboxes",
              "fullTitle": "Verify checkboxes via webdriverunit Check multiple  checkboxes",
              "timedOut": null,
              "duration": 1429,
              "state": "passed",
              "speed": "fast",
              "pass": true,
              "fail": false,
              "pending": false,
              "context": null,
              "code": "cy.get(\"input[type='checkbox']\").check([\"option-1\", \"option-2\", \"option-3\", \"option-4\"]).should('be.checked');",
              "err": {},
              "uuid": "333b2303-6e44-4ce5-b41b-3651a7707faf",
              "parentUUID": "a6fe2870-a9e5-480c-9431-368a7c7bfd36",
              "isHook": false,
              "skipped": false
            }
          ],
          "suites": [],
          "passes": [
            "5dd5aa1d-af0f-43d2-870b-fda79ce0a185",
            "3e9b910d-e311-47ad-9664-0fe80d2581e3",
            "333b2303-6e44-4ce5-b41b-3651a7707faf"
          ],
          "failures": [],
          "pending": [],
          "skipped": [],
          "duration": 4149,
          "root": false,
          "rootEmpty": false,
          "_timeout": 2000
        }
      ],
      "passes": [],
      "failures": [],
      "pending": [],
      "skipped": [],
      "duration": 0,
      "root": true,
      "rootEmpty": true,
      "_timeout": 2000
    },
    {
      "uuid": "49c95b56-0131-4902-beae-5a8658eaf675",
      "title": "",
      "fullFile": "cypress\\e2e\\webdriver-uni\\contact-us.cy.js",
      "file": "cypress\\e2e\\webdriver-uni\\contact-us.cy.js",
      "beforeHooks": [],
      "afterHooks": [],
      "tests": [],
      "suites": [
        {
          "uuid": "94caf5ea-7e1d-4fba-8246-e4e6beeb22dc",
          "title": "Test Contact Us form via WebdriverUni",
          "fullFile": "",
          "file": "",
          "beforeHooks": [],
          "afterHooks": [],
          "tests": [
            {
              "title": "Should be able to submit a successful submission via contact us form",
              "fullTitle": "Test Contact Us form via WebdriverUni Should be able to submit a successful submission via contact us form",
              "timedOut": null,
              "duration": 12232,
              "state": "passed",
              "speed": "slow",
              "pass": true,
              "fail": false,
              "pending": false,
              "context": null,
              "code": "cy.document().should(\"have.property\", \"charset\").and(\"eq\", \"UTF-8\");\ncy.title().should(\"include\", \"WebDriver | Contact Us\");\ncy.url().should(\"include\", \"contactus\");\ncontact_Us_PO.contactForm_Submission(Cypress.env(\"first_name\"), data.last_name, data.email, \"How can I learn Cypress?\", \"h1\", \"Thank You for your Message!\");",
              "err": {},
              "uuid": "b9af8e37-ab85-48f9-a943-638eda116b7e",
              "parentUUID": "94caf5ea-7e1d-4fba-8246-e4e6beeb22dc",
              "isHook": false,
              "skipped": false
            },
            {
              "title": "Should not be able to submit a successful submission via contact us form as all fields are required",
              "fullTitle": "Test Contact Us form via WebdriverUni Should not be able to submit a successful submission via contact us form as all fields are required",
              "timedOut": null,
              "duration": 8278,
              "state": "passed",
              "speed": "medium",
              "pass": true,
              "fail": false,
              "pending": false,
              "context": null,
              "code": "contact_Us_PO.contactForm_Submission(data.first_name, data.last_name, \" \", \"How can I learn Cypress?\", \"body\", \"Error: Invalid email address\");",
              "err": {},
              "uuid": "ac7a8cad-c92d-4934-866d-328b77f75280",
              "parentUUID": "94caf5ea-7e1d-4fba-8246-e4e6beeb22dc",
              "isHook": false,
              "skipped": false
            }
          ],
          "suites": [],
          "passes": [
            "b9af8e37-ab85-48f9-a943-638eda116b7e",
            "ac7a8cad-c92d-4934-866d-328b77f75280"
          ],
          "failures": [],
          "pending": [],
          "skipped": [],
          "duration": 20510,
          "root": false,
          "rootEmpty": false,
          "_timeout": 2000
        }
      ],
      "passes": [],
      "failures": [],
      "pending": [],
      "skipped": [],
      "duration": 0,
      "root": true,
      "rootEmpty": true,
      "_timeout": 2000
    },
    {
      "uuid": "b1891e9d-fb71-496a-9072-c7849533c284",
      "title": "",
      "fullFile": "cypress\\e2e\\webdriver-uni\\data-tables.cy.js",
      "file": "cypress\\e2e\\webdriver-uni\\data-tables.cy.js",
      "beforeHooks": [],
      "afterHooks": [],
      "tests": [],
      "suites": [
        {
          "uuid": "7afca05b-705a-4f7d-a091-35480208800d",
          "title": "Handling data via webriveruni",
          "fullFile": "",
          "file": "",
          "beforeHooks": [],
          "afterHooks": [],
          "tests": [
            {
              "title": "Calculate and assert the age of a given user based on last name",
              "fullTitle": "Handling data via webriveruni Calculate and assert the age of a given user based on last name",
              "timedOut": null,
              "duration": 9255,
              "state": "passed",
              "speed": "medium",
              "pass": true,
              "fail": false,
              "pending": false,
              "context": null,
              "code": "cy.get('#thumbnail-1 tr td:nth-child(2)').each(($el, index, $list) => {\n  const text = $el.text();\n  if (text.includes(\"Woods\")) {\n    cy.get('#thumbnail-1 tr td:nth-child(2)').eq(index).next().then(function (age) {\n      const userAge = age.text();\n      expect(userAge).to.equal(\"80\");\n    });\n  }\n});",
              "err": {},
              "uuid": "457580c7-fbf8-4f4f-b039-a17c2efad0ac",
              "parentUUID": "7afca05b-705a-4f7d-a091-35480208800d",
              "isHook": false,
              "skipped": false
            }
          ],
          "suites": [],
          "passes": [
            "457580c7-fbf8-4f4f-b039-a17c2efad0ac"
          ],
          "failures": [],
          "pending": [],
          "skipped": [],
          "duration": 9255,
          "root": false,
          "rootEmpty": false,
          "_timeout": 2000
        }
      ],
      "passes": [],
      "failures": [],
      "pending": [],
      "skipped": [],
      "duration": 0,
      "root": true,
      "rootEmpty": true,
      "_timeout": 2000
    },
    {
      "uuid": "fb5791ff-c954-4190-8d58-f613aa13ab4a",
      "title": "",
      "fullFile": "cypress\\e2e\\webdriver-uni\\datapicker.cy.js",
      "file": "cypress\\e2e\\webdriver-uni\\datapicker.cy.js",
      "beforeHooks": [],
      "afterHooks": [],
      "tests": [],
      "suites": [
        {
          "uuid": "64128ceb-606a-4977-a08b-0db2e67282df",
          "title": "Test Datepicker via webdriveruni",
          "fullFile": "",
          "file": "",
          "beforeHooks": [],
          "afterHooks": [],
          "tests": [
            {
              "title": "Select date from the datepicker",
              "fullTitle": "Test Datepicker via webdriveruni Select date from the datepicker",
              "timedOut": null,
              "duration": 15585,
              "state": "passed",
              "speed": "slow",
              "pass": true,
              "fail": false,
              "pending": false,
              "context": null,
              "code": "cy.visit(\"http://www.webdriveruniversity.com\");\ncy.get('#datepicker').invoke('removeAttr', 'target').click({\n  force: true\n});\ncy.get('#datepicker').click(); // let date = new Date();\n// date.setDate(date.getDate())\n// cy.log(date.getDate()) //get current day i.e. 22\n// let date2 = new Date();\n// date2.setDate(date.getDate() + 5)\n// cy.log(date2.getDate()) //get current day i.e. 22 + 5 = 27\nvar date = new Date();\ndate.setDate(date.getDate() + 400);\nvar futureYear = date.getFullYear();\nvar futureMonth = date.toLocaleString(\"default\", {\n  month: \"long\"\n});\nvar futureDay = date.getDate();\ncy.log(\"Future year to select: \" + futureYear);\ncy.log(\"Future month to select: \" + futureMonth);\ncy.log(\"Future day to select: \" + futureDay);\nfunction selectMonthAndYear() {\n  cy.get('.datepicker-dropdown').find('.datepicker-switch').first().then(currentDate => {\n    if (!currentDate.text().includes(futureYear)) {\n      cy.get('.next').first().click();\n      selectMonthAndYear();\n    }\n  }).then(() => {\n    cy.get('.datepicker-dropdown').find('.datepicker-switch').first().then(currentDate => {\n      if (!currentDate.text().includes(futureMonth)) {\n        cy.get('.next').first().click();\n        selectMonthAndYear();\n      }\n    });\n  });\n}\nfunction selectFutureDay() {\n  cy.get('[class=\"day\"]').contains(futureDay).click();\n}\nselectMonthAndYear();\nselectFutureDay();",
              "err": {},
              "uuid": "b9c154aa-943e-44e3-98e6-87065371bb2d",
              "parentUUID": "64128ceb-606a-4977-a08b-0db2e67282df",
              "isHook": false,
              "skipped": false
            }
          ],
          "suites": [],
          "passes": [
            "b9c154aa-943e-44e3-98e6-87065371bb2d"
          ],
          "failures": [],
          "pending": [],
          "skipped": [],
          "duration": 15585,
          "root": false,
          "rootEmpty": false,
          "_timeout": 2000
        }
      ],
      "passes": [],
      "failures": [],
      "pending": [],
      "skipped": [],
      "duration": 0,
      "root": true,
      "rootEmpty": true,
      "_timeout": 2000
    },
    {
      "uuid": "f2531d21-8a60-4a1f-934b-f94512055f06",
      "title": "",
      "fullFile": "cypress\\e2e\\webdriver-uni\\file_upload.cy.js",
      "file": "cypress\\e2e\\webdriver-uni\\file_upload.cy.js",
      "beforeHooks": [],
      "afterHooks": [],
      "tests": [],
      "suites": [
        {
          "uuid": "d800c14b-c512-4dd9-8f6e-a9f31d6203bd",
          "title": "Test File Upload via webriveruni",
          "fullFile": "",
          "file": "",
          "beforeHooks": [],
          "afterHooks": [],
          "tests": [
            {
              "title": "Upload a file ....",
              "fullTitle": "Test File Upload via webriveruni Upload a file ....",
              "timedOut": null,
              "duration": 6728,
              "state": "passed",
              "speed": "medium",
              "pass": true,
              "fail": false,
              "pending": false,
              "context": null,
              "code": "cy.visit(\"http://www.webdriveruniversity.com\");\ncy.get('#file-upload').invoke('removeAttr', 'target').click({\n  force: true\n});\ncy.get('#myFile').selectFile(\"cypress/fixtures/laptop.png\");\ncy.get('#submit-button').click();",
              "err": {},
              "uuid": "7ae04df8-d72a-4d81-8caa-efa2dd78ff1f",
              "parentUUID": "d800c14b-c512-4dd9-8f6e-a9f31d6203bd",
              "isHook": false,
              "skipped": false
            },
            {
              "title": "Upload a file ....",
              "fullTitle": "Test File Upload via webriveruni Upload a file ....",
              "timedOut": null,
              "duration": 1707,
              "state": "passed",
              "speed": "fast",
              "pass": true,
              "fail": false,
              "pending": false,
              "context": null,
              "code": "cy.visit(\"http://www.webdriveruniversity.com\");\ncy.get('#file-upload').invoke('removeAttr', 'target').click({\n  force: true\n});\ncy.get('#submit-button').click();",
              "err": {},
              "uuid": "28a78775-976b-4ae6-9743-69ae43bf187a",
              "parentUUID": "d800c14b-c512-4dd9-8f6e-a9f31d6203bd",
              "isHook": false,
              "skipped": false
            }
          ],
          "suites": [],
          "passes": [
            "7ae04df8-d72a-4d81-8caa-efa2dd78ff1f",
            "28a78775-976b-4ae6-9743-69ae43bf187a"
          ],
          "failures": [],
          "pending": [],
          "skipped": [],
          "duration": 8435,
          "root": false,
          "rootEmpty": false,
          "_timeout": 2000
        }
      ],
      "passes": [],
      "failures": [],
      "pending": [],
      "skipped": [],
      "duration": 0,
      "root": true,
      "rootEmpty": true,
      "_timeout": 2000
    },
    {
      "uuid": "771dba4f-e48d-459e-828c-5cb19d83261a",
      "title": "",
      "fullFile": "cypress\\e2e\\webdriver-uni\\hooks.cy.js",
      "file": "cypress\\e2e\\webdriver-uni\\hooks.cy.js",
      "beforeHooks": [],
      "afterHooks": [],
      "tests": [],
      "suites": [
        {
          "uuid": "a22d24e9-e7e2-4a4c-be85-d3ada8bbdb75",
          "title": "Verify radiobutton",
          "fullFile": "",
          "file": "",
          "beforeHooks": [],
          "afterHooks": [],
          "tests": [
            {
              "title": "Check and validate radiobutton ",
              "fullTitle": "Verify radiobutton Check and validate radiobutton ",
              "timedOut": null,
              "duration": 4968,
              "state": "passed",
              "speed": "fast",
              "pass": true,
              "fail": false,
              "pending": false,
              "context": null,
              "code": "cy.get('#radio-buttons').find(\"[type='radio']\").first().check();\ncy.get('#radio-buttons').find(\"[type='radio']\").eq(2).check();",
              "err": {},
              "uuid": "e3e3d9f1-d021-4da1-aa74-203075510516",
              "parentUUID": "a22d24e9-e7e2-4a4c-be85-d3ada8bbdb75",
              "isHook": false,
              "skipped": false
            },
            {
              "title": "Validate the state of specific radio buttons",
              "fullTitle": "Verify radiobutton Validate the state of specific radio buttons",
              "timedOut": null,
              "duration": 1350,
              "state": "passed",
              "speed": "fast",
              "pass": true,
              "fail": false,
              "pending": false,
              "context": null,
              "code": "cy.get('#radio-buttons').find(\"[type='radio']\").first().check();\ncy.get('#radio-buttons').find(\"[type='radio']\").eq(2).check();",
              "err": {},
              "uuid": "962e7ef7-5579-41b2-a220-cc203fb5e325",
              "parentUUID": "a22d24e9-e7e2-4a4c-be85-d3ada8bbdb75",
              "isHook": false,
              "skipped": false
            },
            {
              "title": "Validate the states of specific radio buttons",
              "fullTitle": "Verify radiobutton Validate the states of specific radio buttons",
              "timedOut": null,
              "duration": 1200,
              "state": "passed",
              "speed": "fast",
              "pass": true,
              "fail": false,
              "pending": false,
              "context": null,
              "code": "cy.get(\"[value='lettuce']\").should('not.be.checked');\ncy.get(\"[value='pumpkin']\").should('be.checked');\ncy.get(\"[value='lettuce']\").check();\ncy.get(\"[value='lettuce']\").should('be.checked');\ncy.get(\"[value='pumpkin']\").should('not.be.checked');\ncy.get(\"[value='cabbage']\").should('be.disabled');",
              "err": {},
              "uuid": "d73d4dfa-5b08-4062-b921-6fa3aeb02be0",
              "parentUUID": "a22d24e9-e7e2-4a4c-be85-d3ada8bbdb75",
              "isHook": false,
              "skipped": false
            }
          ],
          "suites": [],
          "passes": [
            "e3e3d9f1-d021-4da1-aa74-203075510516",
            "962e7ef7-5579-41b2-a220-cc203fb5e325",
            "d73d4dfa-5b08-4062-b921-6fa3aeb02be0"
          ],
          "failures": [],
          "pending": [],
          "skipped": [],
          "duration": 7518,
          "root": false,
          "rootEmpty": false,
          "_timeout": 2000
        }
      ],
      "passes": [],
      "failures": [],
      "pending": [],
      "skipped": [],
      "duration": 0,
      "root": true,
      "rootEmpty": true,
      "_timeout": 2000
    },
    {
      "uuid": "b0e192d1-520e-4a00-84b4-eb72babf1e88",
      "title": "",
      "fullFile": "cypress\\e2e\\webdriver-uni\\iframe.cy.js",
      "file": "cypress\\e2e\\webdriver-uni\\iframe.cy.js",
      "beforeHooks": [],
      "afterHooks": [],
      "tests": [],
      "suites": [
        {
          "uuid": "87561d3a-39cf-45c9-acf4-484a4dd9240b",
          "title": "Handling IFrame & Modals",
          "fullFile": "",
          "file": "",
          "beforeHooks": [],
          "afterHooks": [],
          "tests": [
            {
              "title": "Handle webdriveruni iframe and modal",
              "fullTitle": "Handling IFrame & Modals Handle webdriveruni iframe and modal",
              "timedOut": null,
              "duration": 5033,
              "state": "passed",
              "speed": "medium",
              "pass": true,
              "fail": false,
              "pending": false,
              "context": null,
              "code": "//cy.visit(\"http://www.webdriveruniversity.com\")\ncy.visit(\"/\");\ncy.get('#iframe').invoke('removeAttr', 'target').click({\n  force: true\n});\ncy.get('#frame').then($iframe => {\n  const body = $iframe.contents().find('body');\n  cy.wrap(body).as('iframe');\n});\ncy.get('@iframe').find('#button-find-out-more').click();\ncy.get('@iframe').find('#myModal').as('modal');\ncy.get('@modal').should($expectedText => {\n  const text = $expectedText.text();\n  expect(text).to.include('Welcome to webdriveruniversity.com we sell a wide range of electrical goods');\n});\ncy.get('@modal').contains('Close').click();",
              "err": {},
              "uuid": "0acb8d94-7370-4e56-9507-2ea06352644f",
              "parentUUID": "87561d3a-39cf-45c9-acf4-484a4dd9240b",
              "isHook": false,
              "skipped": false
            }
          ],
          "suites": [],
          "passes": [
            "0acb8d94-7370-4e56-9507-2ea06352644f"
          ],
          "failures": [],
          "pending": [],
          "skipped": [],
          "duration": 5033,
          "root": false,
          "rootEmpty": false,
          "_timeout": 2000
        }
      ],
      "passes": [],
      "failures": [],
      "pending": [],
      "skipped": [],
      "duration": 0,
      "root": true,
      "rootEmpty": true,
      "_timeout": 2000
    },
    {
      "uuid": "4c99e96d-49cb-4ca8-901c-56910000dedf",
      "title": "",
      "fullFile": "cypress\\e2e\\webdriver-uni\\mouse-actions.cy.js",
      "file": "cypress\\e2e\\webdriver-uni\\mouse-actions.cy.js",
      "beforeHooks": [],
      "afterHooks": [],
      "tests": [],
      "suites": [
        {
          "uuid": "31e70d48-0101-4b36-829a-4395230edbe7",
          "title": "Test mouse actions",
          "fullFile": "",
          "file": "",
          "beforeHooks": [],
          "afterHooks": [],
          "tests": [
            {
              "title": "Scroll elements into view",
              "fullTitle": "Test mouse actions Scroll elements into view",
              "timedOut": null,
              "duration": 1440,
              "state": "passed",
              "speed": "fast",
              "pass": true,
              "fail": false,
              "pending": false,
              "context": null,
              "code": "cy.visit(\"http://www.webdriveruniversity.com\");\ncy.get('#actions').scrollIntoView().invoke('removeAttr', 'target').click({\n  force: true\n});",
              "err": {},
              "uuid": "fdf51cb9-1471-451a-8734-4115ac102813",
              "parentUUID": "31e70d48-0101-4b36-829a-4395230edbe7",
              "isHook": false,
              "skipped": false
            },
            {
              "title": "I should be able to drop a draggable item",
              "fullTitle": "Test mouse actions I should be able to drop a draggable item",
              "timedOut": null,
              "duration": 3371,
              "state": "passed",
              "speed": "fast",
              "pass": true,
              "fail": false,
              "pending": false,
              "context": null,
              "code": "cy.visit(\"http://www.webdriveruniversity.com\");\ncy.get('#actions').scrollIntoView().invoke('removeAttr', 'target').click({\n  force: true\n});\ncy.get('#draggable').trigger('mousedown', {\n  which: 1\n});\ncy.get('#droppable').trigger('mouseover').trigger('mousemove', {\n  force: true\n});",
              "err": {},
              "uuid": "ef9dea10-7ec9-41fe-8ad5-c460ed6e09b5",
              "parentUUID": "31e70d48-0101-4b36-829a-4395230edbe7",
              "isHook": false,
              "skipped": false
            },
            {
              "title": "I should be able hold down the left mouse click button on a given item",
              "fullTitle": "Test mouse actions I should be able hold down the left mouse click button on a given item",
              "timedOut": null,
              "duration": 1455,
              "state": "passed",
              "speed": "fast",
              "pass": true,
              "fail": false,
              "pending": false,
              "context": null,
              "code": "cy.visit(\"http://www.webdriveruniversity.com\");\ncy.get('#actions').scrollIntoView().invoke('removeAttr', 'target').click({\n  force: true\n});\ncy.get('#double-click').dblclick();",
              "err": {},
              "uuid": "99830215-9362-4b15-abce-f4defe5de06b",
              "parentUUID": "31e70d48-0101-4b36-829a-4395230edbe7",
              "isHook": false,
              "skipped": false
            },
            {
              "title": "I should be able to performe a ",
              "fullTitle": "Test mouse actions I should be able to performe a ",
              "timedOut": null,
              "duration": 1067,
              "state": "passed",
              "speed": "fast",
              "pass": true,
              "fail": false,
              "pending": false,
              "context": null,
              "code": "cy.visit(\"http://www.webdriveruniversity.com\");\ncy.get('#actions').scrollIntoView().invoke('removeAttr', 'target').click({\n  force: true\n});\ncy.get('#click-box').trigger('mousedown', {\n  which: 1\n}).then($element => {\n  expect($element).to.have.css('background-color', 'rgb(0, 255, 0)');\n});",
              "err": {},
              "uuid": "3a50bfc2-fa27-4e02-b048-fcb3b447fa77",
              "parentUUID": "31e70d48-0101-4b36-829a-4395230edbe7",
              "isHook": false,
              "skipped": false
            }
          ],
          "suites": [],
          "passes": [
            "fdf51cb9-1471-451a-8734-4115ac102813",
            "ef9dea10-7ec9-41fe-8ad5-c460ed6e09b5",
            "99830215-9362-4b15-abce-f4defe5de06b",
            "3a50bfc2-fa27-4e02-b048-fcb3b447fa77"
          ],
          "failures": [],
          "pending": [],
          "skipped": [],
          "duration": 7333,
          "root": false,
          "rootEmpty": false,
          "_timeout": 2000
        }
      ],
      "passes": [],
      "failures": [],
      "pending": [],
      "skipped": [],
      "duration": 0,
      "root": true,
      "rootEmpty": true,
      "_timeout": 2000
    },
    {
      "uuid": "329ba11d-68b6-4ee9-8f94-fc2a006cba22",
      "title": "",
      "fullFile": "cypress\\e2e\\webdriver-uni\\radio-botton.cy.js",
      "file": "cypress\\e2e\\webdriver-uni\\radio-botton.cy.js",
      "beforeHooks": [],
      "afterHooks": [],
      "tests": [],
      "suites": [
        {
          "uuid": "7b46eca4-325b-4ad6-8707-d0b080bfe765",
          "title": "Verify radio buttons via webdriverunit",
          "fullFile": "",
          "file": "",
          "beforeHooks": [],
          "afterHooks": [],
          "tests": [
            {
              "title": "Validate the states of specific radio buttons",
              "fullTitle": "Verify radio buttons via webdriverunit Validate the states of specific radio buttons",
              "timedOut": null,
              "duration": 3106,
              "state": "passed",
              "speed": "fast",
              "pass": true,
              "fail": false,
              "pending": false,
              "context": null,
              "code": "cy.visit(\"http://www.webdriveruniversity.com\");\ncy.get('#dropdown-checkboxes-radiobuttons').invoke('removeAttr', 'target').click({\n  force: true\n});\ncy.get(\"input[value='lettuce']\").should('not.be.checked');\ncy.get(\"input[value='pumpkin']\").should('be.checked');\ncy.get(\"input[value='lettuce']\").check();\ncy.get(\"input[value='lettuce']\").should('be.checked');\ncy.get(\"input[value='pumpkin']\").should('not.be.checked');\ncy.get(\"input[value='cabbage']\").should('be.disabled');",
              "err": {},
              "uuid": "b3fc7428-4984-4492-a09a-e4701e629cd4",
              "parentUUID": "7b46eca4-325b-4ad6-8707-d0b080bfe765",
              "isHook": false,
              "skipped": false
            }
          ],
          "suites": [],
          "passes": [
            "b3fc7428-4984-4492-a09a-e4701e629cd4"
          ],
          "failures": [],
          "pending": [],
          "skipped": [],
          "duration": 3106,
          "root": false,
          "rootEmpty": false,
          "_timeout": 2000
        }
      ],
      "passes": [],
      "failures": [],
      "pending": [],
      "skipped": [],
      "duration": 0,
      "root": true,
      "rootEmpty": true,
      "_timeout": 2000
    },
    {
      "uuid": "6e626cf5-c108-40bd-9542-864d1a2366cf",
      "title": "",
      "fullFile": "cypress\\e2e\\webdriver-uni\\select-dropdown-list.js",
      "file": "cypress\\e2e\\webdriver-uni\\select-dropdown-list.js",
      "beforeHooks": [],
      "afterHooks": [],
      "tests": [],
      "suites": [
        {
          "uuid": "80e2418e-d366-482b-a91f-f94752ef35c3",
          "title": "Interact with dropdown lists via webdriveruni",
          "fullFile": "",
          "file": "",
          "beforeHooks": [],
          "afterHooks": [],
          "tests": [
            {
              "title": "Select specific values via select dropdown lists",
              "fullTitle": "Interact with dropdown lists via webdriveruni Select specific values via select dropdown lists",
              "timedOut": null,
              "duration": 6746,
              "state": "passed",
              "speed": "medium",
              "pass": true,
              "fail": false,
              "pending": false,
              "context": null,
              "code": "cy.visit(\"http://www.webdriveruniversity.com\");\ncy.get('#dropdown-checkboxes-radiobuttons').invoke('removeAttr', 'target').click({\n  force: true\n});\ncy.get('#dropdowm-menu-1').select('c#');\ncy.get('#dropdowm-menu-2').select('testng').should('have.value', 'testng');\ncy.get('#dropdowm-menu-3').select('JQuery').contains('JQuery');\ncy.get('#dropdowm-menu-2').select('maven').should('have.value', 'maven');\ncy.get('#dropdowm-menu-2').select('TestNG').contains('TestNG');",
              "err": {},
              "uuid": "c61aecf1-0c16-4e0f-a784-6a6d72dfada5",
              "parentUUID": "80e2418e-d366-482b-a91f-f94752ef35c3",
              "isHook": false,
              "skipped": false
            }
          ],
          "suites": [],
          "passes": [
            "c61aecf1-0c16-4e0f-a784-6a6d72dfada5"
          ],
          "failures": [],
          "pending": [],
          "skipped": [],
          "duration": 6746,
          "root": false,
          "rootEmpty": false,
          "_timeout": 2000
        }
      ],
      "passes": [],
      "failures": [],
      "pending": [],
      "skipped": [],
      "duration": 0,
      "root": true,
      "rootEmpty": true,
      "_timeout": 2000
    },
    {
      "uuid": "72ebc1cf-5332-4510-9c05-b73a4a65ec3b",
      "title": "",
      "fullFile": "cypress\\e2e\\webdriver-uni\\selectors.cy.js",
      "file": "cypress\\e2e\\webdriver-uni\\selectors.cy.js",
      "beforeHooks": [],
      "afterHooks": [],
      "tests": [],
      "suites": [
        {
          "uuid": "af9eecde-8d71-4899-8918-285f718cf31f",
          "title": "Selector example",
          "fullFile": "",
          "file": "",
          "beforeHooks": [],
          "afterHooks": [],
          "tests": [
            {
              "title": "Examples of Selectors via WebdriverUni Contact Us Page",
              "fullTitle": "Selector example Examples of Selectors via WebdriverUni Contact Us Page",
              "timedOut": null,
              "duration": 763,
              "state": "failed",
              "speed": null,
              "pass": false,
              "fail": true,
              "pending": false,
              "context": null,
              "code": "cy.visit(\"http://www.webdriveruniversity.com/Contact-Us/contactus.html\"); //By tag name\ncy.get(\"input\"); //By attribute name and value\ncy.get(\"input[name='first_name']\"); //by id\ncy.get(\"#contact_me\"); //By class\ncy.get('.feedback-input'); //By multiple classes\ncy.get(\"[class='navbar navbar-inverse navbar-fixed-top']\"); //cy.get(\"[class='navbar-brand']\")\n//By two diference adresses\ncy.get(\"[name='email'][placeholder='Email Address']\"); //By xpath\ncy.xpath(\"//input[@name='first_name']\");",
              "err": {
                "message": "TypeError: cy.xpath is not a function",
                "estack": "TypeError: cy.xpath is not a function\n    at Context.eval (webpack:///./cypress/e2e/webdriver-uni/selectors.cy.js:26:11)",
                "diff": null
              },
              "uuid": "a24e496e-defe-4ea4-ac7a-9bcd5c52d91c",
              "parentUUID": "af9eecde-8d71-4899-8918-285f718cf31f",
              "isHook": false,
              "skipped": false
            }
          ],
          "suites": [],
          "passes": [],
          "failures": [
            "a24e496e-defe-4ea4-ac7a-9bcd5c52d91c"
          ],
          "pending": [],
          "skipped": [],
          "duration": 763,
          "root": false,
          "rootEmpty": false,
          "_timeout": 2000
        }
      ],
      "passes": [],
      "failures": [],
      "pending": [],
      "skipped": [],
      "duration": 0,
      "root": true,
      "rootEmpty": true,
      "_timeout": 2000
    },
    {
      "uuid": "3301a116-be08-4a9e-84c7-bec9702a7764",
      "title": "",
      "fullFile": "cypress\\e2e\\webdriver-uni\\traversing-elements. cy.js",
      "file": "cypress\\e2e\\webdriver-uni\\traversing-elements. cy.js",
      "beforeHooks": [],
      "afterHooks": [],
      "tests": [],
      "suites": [
        {
          "uuid": "0d5ba8da-fc3e-4d8e-a135-a6db8109d5a8",
          "title": "Traversing DOM elements in Cypress",
          "fullFile": "",
          "file": "",
          "beforeHooks": [],
          "afterHooks": [],
          "tests": [
            {
              "title": "children() to get the children of DOM elements",
              "fullTitle": "Traversing DOM elements in Cypress children() to get the children of DOM elements",
              "timedOut": null,
              "duration": 87615,
              "state": "passed",
              "speed": "slow",
              "pass": true,
              "fail": false,
              "pending": false,
              "context": null,
              "code": "cy.get('.traversal-breadcrumb').children('.active').should('contain', 'Contact Us');",
              "err": {},
              "uuid": "ec5cfb02-ba9c-4dd9-a4df-81637e0db240",
              "parentUUID": "0d5ba8da-fc3e-4d8e-a135-a6db8109d5a8",
              "isHook": false,
              "skipped": false
            },
            {
              "title": "closest() to validate the closest ancestor DOM element",
              "fullTitle": "Traversing DOM elements in Cypress closest() to validate the closest ancestor DOM element",
              "timedOut": null,
              "duration": 2532,
              "state": "passed",
              "speed": "fast",
              "pass": true,
              "fail": false,
              "pending": false,
              "context": null,
              "code": "cy.get('.traversal-badge').closest('ul').should('have.class', 'list-group');",
              "err": {},
              "uuid": "ea45c193-c631-46ca-8046-02cfa4fb8404",
              "parentUUID": "0d5ba8da-fc3e-4d8e-a135-a6db8109d5a8",
              "isHook": false,
              "skipped": false
            },
            {
              "title": "eq() to retrieve a specific element based on index",
              "fullTitle": "Traversing DOM elements in Cypress eq() to retrieve a specific element based on index",
              "timedOut": null,
              "duration": 2415,
              "state": "passed",
              "speed": "fast",
              "pass": true,
              "fail": false,
              "pending": false,
              "context": null,
              "code": "cy.get('.traversal-drinks-list > *').eq(2).should('contain', 'Milk');",
              "err": {},
              "uuid": "908d3ac7-bdc0-458e-8190-c4a98ef32317",
              "parentUUID": "0d5ba8da-fc3e-4d8e-a135-a6db8109d5a8",
              "isHook": false,
              "skipped": false
            },
            {
              "title": "filter() to retrieve DOM elements that match a specific selector",
              "fullTitle": "Traversing DOM elements in Cypress filter() to retrieve DOM elements that match a specific selector",
              "timedOut": null,
              "duration": 5683,
              "state": "passed",
              "speed": "medium",
              "pass": true,
              "fail": false,
              "pending": false,
              "context": null,
              "code": "cy.get('.btn-group-toggle > *').filter('.active').should('contain', 'Button-1');",
              "err": {},
              "uuid": "8f7a4d66-9d1b-4e71-aa66-01bb51796347",
              "parentUUID": "0d5ba8da-fc3e-4d8e-a135-a6db8109d5a8",
              "isHook": false,
              "skipped": false
            },
            {
              "title": "find() to retrieve DOM elements of a given selector",
              "fullTitle": "Traversing DOM elements in Cypress find() to retrieve DOM elements of a given selector",
              "timedOut": null,
              "duration": 3009,
              "state": "passed",
              "speed": "fast",
              "pass": true,
              "fail": false,
              "pending": false,
              "context": null,
              "code": "cy.get('.traversal-pagination').find('li').find('a').should('have.length', 7);",
              "err": {},
              "uuid": "fac0df7c-d87a-456b-8244-ab46620c68d3",
              "parentUUID": "0d5ba8da-fc3e-4d8e-a135-a6db8109d5a8",
              "isHook": false,
              "skipped": false
            },
            {
              "title": "first() to retrieve the first DOM element within elements ",
              "fullTitle": "Traversing DOM elements in Cypress first() to retrieve the first DOM element within elements ",
              "timedOut": null,
              "duration": 2042,
              "state": "passed",
              "speed": "fast",
              "pass": true,
              "fail": false,
              "pending": false,
              "context": null,
              "code": "cy.get('.traversal-table > tbody > tr >td').first().should('contain', 'Andy');",
              "err": {},
              "uuid": "805bffe9-1fc3-4433-ad0e-f693530143af",
              "parentUUID": "0d5ba8da-fc3e-4d8e-a135-a6db8109d5a8",
              "isHook": false,
              "skipped": false
            },
            {
              "title": "last() to retrieve the last DOM element within elements",
              "fullTitle": "Traversing DOM elements in Cypress last() to retrieve the last DOM element within elements",
              "timedOut": null,
              "duration": 2493,
              "state": "passed",
              "speed": "fast",
              "pass": true,
              "fail": false,
              "pending": false,
              "context": null,
              "code": "cy.get('.traversal-table > tbody > tr >td').last().should('contain', 'Scott');",
              "err": {},
              "uuid": "1905621f-fa58-4738-be51-acaecb459503",
              "parentUUID": "0d5ba8da-fc3e-4d8e-a135-a6db8109d5a8",
              "isHook": false,
              "skipped": false
            },
            {
              "title": "nextAll() to get all of the next sibling DOM elements within elements",
              "fullTitle": "Traversing DOM elements in Cypress nextAll() to get all of the next sibling DOM elements within elements",
              "timedOut": null,
              "duration": 1359,
              "state": "passed",
              "speed": "fast",
              "pass": true,
              "fail": false,
              "pending": false,
              "context": null,
              "code": "cy.get('.traversal-drinks-list').contains('Tea').nextAll().should('have.length', '3');",
              "err": {},
              "uuid": "7cf0b611-de23-48a7-a8d0-bd9fccd6a70d",
              "parentUUID": "0d5ba8da-fc3e-4d8e-a135-a6db8109d5a8",
              "isHook": false,
              "skipped": false
            },
            {
              "title": "nextUntil() to get all of the next sibling DOM elements within elements until another element",
              "fullTitle": "Traversing DOM elements in Cypress nextUntil() to get all of the next sibling DOM elements within elements until another element",
              "timedOut": null,
              "duration": 1627,
              "state": "passed",
              "speed": "fast",
              "pass": true,
              "fail": false,
              "pending": false,
              "context": null,
              "code": "cy.get(\"#coffee\").nextUntil('#milk');",
              "err": {},
              "uuid": "02d2726f-fa06-437a-b953-f2992c2fb178",
              "parentUUID": "0d5ba8da-fc3e-4d8e-a135-a6db8109d5a8",
              "isHook": false,
              "skipped": false
            },
            {
              "title": "not() to remove DOM element(s) from the set of elements",
              "fullTitle": "Traversing DOM elements in Cypress not() to remove DOM element(s) from the set of elements",
              "timedOut": null,
              "duration": 1317,
              "state": "passed",
              "speed": "fast",
              "pass": true,
              "fail": false,
              "pending": false,
              "context": null,
              "code": "cy.get('.traversal-button-states > button').not('.disabled').should('not.have.class', 'disabled');",
              "err": {},
              "uuid": "fe3fc951-a59a-4d74-8798-b130629a1fad",
              "parentUUID": "0d5ba8da-fc3e-4d8e-a135-a6db8109d5a8",
              "isHook": false,
              "skipped": false
            },
            {
              "title": "parent() To get parent DOM element of elements",
              "fullTitle": "Traversing DOM elements in Cypress parent() To get parent DOM element of elements",
              "timedOut": null,
              "duration": 939,
              "state": "passed",
              "speed": "fast",
              "pass": true,
              "fail": false,
              "pending": false,
              "context": null,
              "code": "cy.get('.traversal-mark').parent().should('contain', 'Lorem ipsum dolor sit amet');",
              "err": {},
              "uuid": "5768e07e-7a27-47a0-84b5-20ad06f0ce58",
              "parentUUID": "0d5ba8da-fc3e-4d8e-a135-a6db8109d5a8",
              "isHook": false,
              "skipped": false
            },
            {
              "title": "parents() to get parents DOM element of elements",
              "fullTitle": "Traversing DOM elements in Cypress parents() to get parents DOM element of elements",
              "timedOut": null,
              "duration": 1602,
              "state": "passed",
              "speed": "fast",
              "pass": true,
              "fail": false,
              "pending": false,
              "context": null,
              "code": "cy.get('.traversal-cite').parents().should('match', 'blockquote');",
              "err": {},
              "uuid": "d0a73e9b-d021-4aed-ab51-be338ea31959",
              "parentUUID": "0d5ba8da-fc3e-4d8e-a135-a6db8109d5a8",
              "isHook": false,
              "skipped": false
            },
            {
              "title": "prev() to get the previous sibling DOM element within elements",
              "fullTitle": "Traversing DOM elements in Cypress prev() to get the previous sibling DOM element within elements",
              "timedOut": null,
              "duration": 3550,
              "state": "passed",
              "speed": "fast",
              "pass": true,
              "fail": false,
              "pending": false,
              "context": null,
              "code": "cy.get('#sugar').prev().contains('Espresso');",
              "err": {},
              "uuid": "d433e2bf-9719-4e1f-89d9-e6f1a40f203c",
              "parentUUID": "0d5ba8da-fc3e-4d8e-a135-a6db8109d5a8",
              "isHook": false,
              "skipped": false
            },
            {
              "title": "prevAll() to get all previous sibling DOM elements within elements",
              "fullTitle": "Traversing DOM elements in Cypress prevAll() to get all previous sibling DOM elements within elements",
              "timedOut": null,
              "duration": 1386,
              "state": "passed",
              "speed": "fast",
              "pass": true,
              "fail": false,
              "pending": false,
              "context": null,
              "code": "cy.get('.sales').prevAll().should('have.length', 2);",
              "err": {},
              "uuid": "d994b1c8-86d5-4704-abf9-213f44109326",
              "parentUUID": "0d5ba8da-fc3e-4d8e-a135-a6db8109d5a8",
              "isHook": false,
              "skipped": false
            },
            {
              "title": "prevUntil() to get all previous sibling DOM elements within elements until other element",
              "fullTitle": "Traversing DOM elements in Cypress prevUntil() to get all previous sibling DOM elements within elements until other element",
              "timedOut": null,
              "duration": 1870,
              "state": "passed",
              "speed": "fast",
              "pass": true,
              "fail": false,
              "pending": false,
              "context": null,
              "code": "cy.get('#veggie').prevUntil('#fruits').should('have.length', 5);",
              "err": {},
              "uuid": "390afeb0-0e9c-4978-9b2d-510a832ac55c",
              "parentUUID": "0d5ba8da-fc3e-4d8e-a135-a6db8109d5a8",
              "isHook": false,
              "skipped": false
            },
            {
              "title": "siblings() To get all sibling DOM elements of elements",
              "fullTitle": "Traversing DOM elements in Cypress siblings() To get all sibling DOM elements of elements",
              "timedOut": null,
              "duration": 2017,
              "state": "passed",
              "speed": "fast",
              "pass": true,
              "fail": false,
              "pending": false,
              "context": null,
              "code": "cy.get('.traversal-button-other-states .active').siblings().should('have.length', 3);",
              "err": {},
              "uuid": "98713d7d-1199-4071-9662-47050d9d3b31",
              "parentUUID": "0d5ba8da-fc3e-4d8e-a135-a6db8109d5a8",
              "isHook": false,
              "skipped": false
            }
          ],
          "suites": [],
          "passes": [
            "ec5cfb02-ba9c-4dd9-a4df-81637e0db240",
            "ea45c193-c631-46ca-8046-02cfa4fb8404",
            "908d3ac7-bdc0-458e-8190-c4a98ef32317",
            "8f7a4d66-9d1b-4e71-aa66-01bb51796347",
            "fac0df7c-d87a-456b-8244-ab46620c68d3",
            "805bffe9-1fc3-4433-ad0e-f693530143af",
            "1905621f-fa58-4738-be51-acaecb459503",
            "7cf0b611-de23-48a7-a8d0-bd9fccd6a70d",
            "02d2726f-fa06-437a-b953-f2992c2fb178",
            "fe3fc951-a59a-4d74-8798-b130629a1fad",
            "5768e07e-7a27-47a0-84b5-20ad06f0ce58",
            "d0a73e9b-d021-4aed-ab51-be338ea31959",
            "d433e2bf-9719-4e1f-89d9-e6f1a40f203c",
            "d994b1c8-86d5-4704-abf9-213f44109326",
            "390afeb0-0e9c-4978-9b2d-510a832ac55c",
            "98713d7d-1199-4071-9662-47050d9d3b31"
          ],
          "failures": [],
          "pending": [],
          "skipped": [],
          "duration": 121456,
          "root": false,
          "rootEmpty": false,
          "_timeout": 2000
        }
      ],
      "passes": [],
      "failures": [],
      "pending": [],
      "skipped": [],
      "duration": 0,
      "root": true,
      "rootEmpty": true,
      "_timeout": 2000
    },
    {
      "uuid": "f48a2bf3-9d83-4393-8740-3ed7d5b5afbf",
      "title": "",
      "fullFile": "cypress\\e2e\\automation-test-store\\add-multiple-items-to-basket.cy.js",
      "file": "cypress\\e2e\\automation-test-store\\add-multiple-items-to-basket.cy.js",
      "beforeHooks": [],
      "afterHooks": [],
      "tests": [],
      "suites": [
        {
          "uuid": "5f1b01c5-ca26-40b9-ba4d-54d1d7699691",
          "title": "Add multiple items to basket",
          "fullFile": "",
          "file": "",
          "beforeHooks": [],
          "afterHooks": [],
          "tests": [
            {
              "title": "Add specific items to basket",
              "fullTitle": "Add multiple items to basket Add specific items to basket",
              "timedOut": null,
              "duration": 33707,
              "state": "passed",
              "speed": "slow",
              "pass": true,
              "fail": false,
              "pending": false,
              "context": null,
              "code": "autoStore_HairCare_PO.addHairCareProductToBasket();",
              "err": {},
              "uuid": "3461352e-6a9f-4604-9ff6-b88882da1b9c",
              "parentUUID": "5f1b01c5-ca26-40b9-ba4d-54d1d7699691",
              "isHook": false,
              "skipped": false
            }
          ],
          "suites": [],
          "passes": [
            "3461352e-6a9f-4604-9ff6-b88882da1b9c"
          ],
          "failures": [],
          "pending": [],
          "skipped": [],
          "duration": 33707,
          "root": false,
          "rootEmpty": false,
          "_timeout": 2000
        }
      ],
      "passes": [],
      "failures": [],
      "pending": [],
      "skipped": [],
      "duration": 0,
      "root": true,
      "rootEmpty": true,
      "_timeout": 2000
    }
  ],
  "meta": {
    "mocha": {
      "version": "7.0.1"
    },
    "mochawesome": {
      "options": {
        "quiet": false,
        "reportFilename": "mochawesome",
        "saveHtml": false,
        "saveJson": true,
        "consoleReporter": "spec",
        "useInlineDiffs": false,
        "code": true
      },
      "version": "7.1.3"
    },
    "marge": {
      "options": {
        "id": "default",
        "reportDir": "cypress/results/mochawesome",
        "quite": true,
        "overwrite": false,
        "html": false,
        "json": true
      },
      "version": "6.2.0"
    }
  }
}